<?xml version="1.0" encoding="UTF-8"?>
<coverage generated="1728210109969" clover="3.2.0">
  <project timestamp="1728210109969" name="All files">
    <metrics statements="17" coveredstatements="17" conditionals="4" coveredconditionals="2" methods="6" coveredmethods="6" elements="27" coveredelements="25" complexity="0" loc="17" ncloc="17" packages="1" files="1" classes="1"/>
    <file name="main.js" path="/home/hector-pacheco/units-conversion-web/js/main.js">
      <metrics statements="17" coveredstatements="17" conditionals="4" coveredconditionals="2" methods="6" coveredmethods="6"/>
      <line num="3" count="2" type="stmt"/>
      <line num="7" count="2" type="stmt"/>
      <line num="11" count="2" type="stmt"/>
      <line num="15" count="2" type="stmt"/>
      <line num="20" count="1" type="stmt"/>
      <line num="22" count="1" type="cond" truecount="1" falsecount="1"/>
      <line num="23" count="1" type="stmt"/>
      <line num="24" count="1" type="stmt"/>
      <line num="25" count="1" type="stmt"/>
      <line num="28" count="1" type="stmt"/>
      <line num="29" count="1" type="stmt"/>
      <line num="30" count="1" type="stmt"/>
      <line num="31" count="1" type="stmt"/>
      <line num="34" count="1" type="stmt"/>
      <line num="41" count="1" type="cond" truecount="1" falsecount="1"/>
      <line num="42" count="1" type="stmt"/>
      <line num="46" count="1" type="stmt"/>
    </file>
  </project>
</coverage>
