{"/home/hector-pacheco/units-conversion-web/js/main.js": {"path":"/home/hector-pacheco/units-conversion-web/js/main.js","statementMap":{"0":{"start":{"line":3,"column":4},"end":{"line":3,"column":35}},"1":{"start":{"line":7,"column":4},"end":{"line":7,"column":32}},"2":{"start":{"line":11,"column":4},"end":{"line":11,"column":33}},"3":{"start":{"line":15,"column":4},"end":{"line":15,"column":31}},"4":{"start":{"line":20,"column":17},"end":{"line":20,"column":59}},"5":{"start":{"line":22,"column":4},"end":{"line":37,"column":5}},"6":{"start":{"line":23,"column":8},"end":{"line":36,"column":11}},"7":{"start":{"line":24,"column":12},"end":{"line":24,"column":31}},"8":{"start":{"line":25,"column":23},"end":{"line":25,"column":70}},"9":{"start":{"line":28,"column":24},"end":{"line":28,"column":35}},"10":{"start":{"line":29,"column":25},"end":{"line":29,"column":39}},"11":{"start":{"line":30,"column":27},"end":{"line":30,"column":41}},"12":{"start":{"line":31,"column":25},"end":{"line":31,"column":40}},"13":{"start":{"line":34,"column":12},"end":{"line":35,"column":85}},"14":{"start":{"line":41,"column":0},"end":{"line":43,"column":1}},"15":{"start":{"line":42,"column":4},"end":{"line":42,"column":71}},"16":{"start":{"line":46,"column":0},"end":{"line":46,"column":80}}},"fnMap":{"0":{"name":"mlToTsp","decl":{"start":{"line":2,"column":9},"end":{"line":2,"column":16}},"loc":{"start":{"line":2,"column":21},"end":{"line":4,"column":1}},"line":2},"1":{"name":"tspToTbsp","decl":{"start":{"line":6,"column":9},"end":{"line":6,"column":18}},"loc":{"start":{"line":6,"column":24},"end":{"line":8,"column":1}},"line":6},"2":{"name":"tbspToOz","decl":{"start":{"line":10,"column":9},"end":{"line":10,"column":17}},"loc":{"start":{"line":10,"column":24},"end":{"line":12,"column":1}},"line":10},"3":{"name":"ozToCup","decl":{"start":{"line":14,"column":9},"end":{"line":14,"column":16}},"loc":{"start":{"line":14,"column":21},"end":{"line":16,"column":1}},"line":14},"4":{"name":"setupEventListeners","decl":{"start":{"line":19,"column":9},"end":{"line":19,"column":28}},"loc":{"start":{"line":19,"column":31},"end":{"line":38,"column":1}},"line":19},"5":{"name":"(anonymous_5)","decl":{"start":{"line":23,"column":40},"end":{"line":23,"column":41}},"loc":{"start":{"line":23,"column":53},"end":{"line":36,"column":9}},"line":23}},"branchMap":{"0":{"loc":{"start":{"line":22,"column":4},"end":{"line":37,"column":5}},"type":"if","locations":[{"start":{"line":22,"column":4},"end":{"line":37,"column":5}},{"start":{},"end":{}}],"line":22},"1":{"loc":{"start":{"line":41,"column":0},"end":{"line":43,"column":1}},"type":"if","locations":[{"start":{"line":41,"column":0},"end":{"line":43,"column":1}},{"start":{},"end":{}}],"line":41}},"s":{"0":2,"1":2,"2":2,"3":2,"4":1,"5":1,"6":1,"7":1,"8":1,"9":1,"10":1,"11":1,"12":1,"13":1,"14":1,"15":1,"16":1},"f":{"0":2,"1":2,"2":2,"3":2,"4":1,"5":1},"b":{"0":[1,0],"1":[1,0]},"_coverageSchema":"1a1c01bbd47fc00a2c39e90264f33305004495a9","hash":"26a5e2d246915445826b8d732e6503fff7655510"}
}
